2023-10-13 10:27:55,435 INFO    Thread-48 (_run_job):8847 [wandb_setup.py:_flush():76] Current SDK version is 0.15.11
2023-10-13 10:27:55,435 INFO    Thread-48 (_run_job):8847 [wandb_setup.py:_flush():76] Configure stats pid to 8847
2023-10-13 10:27:55,435 INFO    Thread-48 (_run_job):8847 [wandb_setup.py:_flush():76] Loading settings from /home/ubuntulsa/.config/wandb/settings
2023-10-13 10:27:55,435 INFO    Thread-48 (_run_job):8847 [wandb_setup.py:_flush():76] Loading settings from /home/ubuntulsa/Sem5/SMAI/Assignment 3/wandb/settings
2023-10-13 10:27:55,435 INFO    Thread-48 (_run_job):8847 [wandb_setup.py:_flush():76] Loading settings from environment variables: {'project': 'Hyperparameter Tuning in MLP Regression.', 'entity': 'mourya', 'root_dir': '/home/ubuntulsa/Sem5/SMAI/Assignment 3', 'run_id': 'grrk62za', 'sweep_param_path': '/home/ubuntulsa/Sem5/SMAI/Assignment 3/wandb/sweep-19601al0/config-grrk62za.yaml', 'sweep_id': '19601al0'}
2023-10-13 10:27:55,435 INFO    Thread-48 (_run_job):8847 [wandb_setup.py:_flush():76] Applying setup settings: {'_disable_service': False}
2023-10-13 10:27:55,435 INFO    Thread-48 (_run_job):8847 [wandb_setup.py:_flush():76] Inferring run settings from compute environment: {'program': '<python with no main file>'}
2023-10-13 10:27:55,436 INFO    Thread-48 (_run_job):8847 [wandb_init.py:_log_setup():528] Logging user logs to /home/ubuntulsa/Sem5/SMAI/Assignment 3/wandb/run-20231013_102755-grrk62za/logs/debug.log
2023-10-13 10:27:55,436 INFO    Thread-48 (_run_job):8847 [wandb_init.py:_log_setup():529] Logging internal logs to /home/ubuntulsa/Sem5/SMAI/Assignment 3/wandb/run-20231013_102755-grrk62za/logs/debug-internal.log
2023-10-13 10:27:55,436 INFO    Thread-48 (_run_job):8847 [wandb_init.py:_jupyter_setup():474] configuring jupyter hooks <wandb.sdk.wandb_init._WandbInit object at 0x7f6bd2edbb50>
2023-10-13 10:27:55,436 INFO    Thread-48 (_run_job):8847 [wandb_init.py:init():568] calling init triggers
2023-10-13 10:27:55,436 INFO    Thread-48 (_run_job):8847 [wandb_init.py:init():575] wandb.init called with sweep_config: {'activation': 'sigmoid', 'epochs': 10, 'hiddenlayersize': [13], 'learning_rate': 0.0001, 'optimizer': 'Batch'}
config: {}
2023-10-13 10:27:55,437 INFO    Thread-48 (_run_job):8847 [wandb_init.py:init():618] starting backend
2023-10-13 10:27:55,437 INFO    Thread-48 (_run_job):8847 [wandb_init.py:init():622] setting up manager
2023-10-13 10:27:55,448 INFO    Thread-48 (_run_job):8847 [backend.py:_multiprocessing_setup():105] multiprocessing start_methods=fork,spawn,forkserver, using: spawn
2023-10-13 10:27:55,448 INFO    Thread-48 (_run_job):8847 [wandb_init.py:init():628] backend started and connected
2023-10-13 10:27:55,463 INFO    Thread-48 (_run_job):8847 [wandb_run.py:_config_callback():1324] config_cb None None {'activation': 'sigmoid', 'epochs': 10, 'hiddenlayersize': [13], 'learning_rate': 0.0001, 'optimizer': 'Batch'}
2023-10-13 10:27:55,463 INFO    Thread-48 (_run_job):8847 [wandb_run.py:_label_probe_notebook():1276] probe notebook
2023-10-13 10:27:55,464 INFO    Thread-48 (_run_job):8847 [wandb_init.py:init():720] updated telemetry
2023-10-13 10:27:55,467 INFO    Thread-48 (_run_job):8847 [wandb_init.py:init():753] communicating run to backend with 90.0 second timeout
2023-10-13 10:27:56,468 ERROR   Thread-48 (_run_job):8847 [ipython.py:update():120] Socket operation on non-socket
Traceback (most recent call last):
  File "/home/ubuntulsa/.local/lib/python3.10/site-packages/wandb/sdk/lib/ipython.py", line 113, in update
    self._progress.value = value
  File "/home/ubuntulsa/.local/lib/python3.10/site-packages/traitlets/traitlets.py", line 732, in __set__
    self.set(obj, value)
  File "/home/ubuntulsa/.local/lib/python3.10/site-packages/traitlets/traitlets.py", line 721, in set
    obj._notify_trait(self.name, old_value, new_value)
  File "/home/ubuntulsa/.local/lib/python3.10/site-packages/traitlets/traitlets.py", line 1505, in _notify_trait
    self.notify_change(
  File "/home/ubuntulsa/.local/lib/python3.10/site-packages/ipywidgets/widgets/widget.py", line 694, in notify_change
    self.send_state(key=name)
  File "/home/ubuntulsa/.local/lib/python3.10/site-packages/ipywidgets/widgets/widget.py", line 580, in send_state
    self._send(msg, buffers=buffers)
  File "/home/ubuntulsa/.local/lib/python3.10/site-packages/ipywidgets/widgets/widget.py", line 819, in _send
    self.comm.send(data=msg, buffers=buffers)
  File "/home/ubuntulsa/.local/lib/python3.10/site-packages/comm/base_comm.py", line 113, in send
    self.publish_msg(
  File "/home/ubuntulsa/.local/lib/python3.10/site-packages/ipykernel/comm/comm.py", line 36, in publish_msg
    self.kernel.session.send(
  File "/home/ubuntulsa/.local/lib/python3.10/site-packages/jupyter_client/session.py", line 861, in send
    stream.send_multipart(to_send, copy=copy)
  File "/home/ubuntulsa/.local/lib/python3.10/site-packages/ipykernel/iostream.py", line 330, in send_multipart
    return self.io_thread.send_multipart(*args, **kwargs)
  File "/home/ubuntulsa/.local/lib/python3.10/site-packages/ipykernel/iostream.py", line 260, in send_multipart
    self.schedule(lambda: self._really_send(*args, **kwargs))
  File "/home/ubuntulsa/.local/lib/python3.10/site-packages/ipykernel/iostream.py", line 251, in schedule
    self._event_pipe.send(b"")
  File "/home/ubuntulsa/.local/lib/python3.10/site-packages/zmq/sugar/socket.py", line 696, in send
    return super().send(data, flags=flags, copy=copy, track=track)
  File "zmq/backend/cython/socket.pyx", line 742, in zmq.backend.cython.socket.Socket.send
  File "zmq/backend/cython/socket.pyx", line 783, in zmq.backend.cython.socket.Socket.send
  File "zmq/backend/cython/socket.pyx", line 138, in zmq.backend.cython.socket._check_closed
zmq.error.ZMQError: Socket operation on non-socket
2023-10-13 10:27:56,778 ERROR   Thread-48 (_run_job):8847 [wandb_init.py:init():1198] error
Traceback (most recent call last):
  File "/home/ubuntulsa/.local/lib/python3.10/site-packages/wandb/sdk/lib/ipython.py", line 113, in update
    self._progress.value = value
  File "/home/ubuntulsa/.local/lib/python3.10/site-packages/traitlets/traitlets.py", line 732, in __set__
    self.set(obj, value)
  File "/home/ubuntulsa/.local/lib/python3.10/site-packages/traitlets/traitlets.py", line 721, in set
    obj._notify_trait(self.name, old_value, new_value)
  File "/home/ubuntulsa/.local/lib/python3.10/site-packages/traitlets/traitlets.py", line 1505, in _notify_trait
    self.notify_change(
  File "/home/ubuntulsa/.local/lib/python3.10/site-packages/ipywidgets/widgets/widget.py", line 694, in notify_change
    self.send_state(key=name)
  File "/home/ubuntulsa/.local/lib/python3.10/site-packages/ipywidgets/widgets/widget.py", line 580, in send_state
    self._send(msg, buffers=buffers)
  File "/home/ubuntulsa/.local/lib/python3.10/site-packages/ipywidgets/widgets/widget.py", line 819, in _send
    self.comm.send(data=msg, buffers=buffers)
  File "/home/ubuntulsa/.local/lib/python3.10/site-packages/comm/base_comm.py", line 113, in send
    self.publish_msg(
  File "/home/ubuntulsa/.local/lib/python3.10/site-packages/ipykernel/comm/comm.py", line 36, in publish_msg
    self.kernel.session.send(
  File "/home/ubuntulsa/.local/lib/python3.10/site-packages/jupyter_client/session.py", line 861, in send
    stream.send_multipart(to_send, copy=copy)
  File "/home/ubuntulsa/.local/lib/python3.10/site-packages/ipykernel/iostream.py", line 330, in send_multipart
    return self.io_thread.send_multipart(*args, **kwargs)
  File "/home/ubuntulsa/.local/lib/python3.10/site-packages/ipykernel/iostream.py", line 260, in send_multipart
    self.schedule(lambda: self._really_send(*args, **kwargs))
  File "/home/ubuntulsa/.local/lib/python3.10/site-packages/ipykernel/iostream.py", line 251, in schedule
    self._event_pipe.send(b"")
  File "/home/ubuntulsa/.local/lib/python3.10/site-packages/zmq/sugar/socket.py", line 696, in send
    return super().send(data, flags=flags, copy=copy, track=track)
  File "zmq/backend/cython/socket.pyx", line 742, in zmq.backend.cython.socket.Socket.send
  File "zmq/backend/cython/socket.pyx", line 783, in zmq.backend.cython.socket.Socket.send
  File "zmq/backend/cython/socket.pyx", line 138, in zmq.backend.cython.socket._check_closed
zmq.error.ZMQError: Socket operation on non-socket

During handling of the above exception, another exception occurred:

Traceback (most recent call last):
  File "/home/ubuntulsa/.local/lib/python3.10/site-packages/wandb/sdk/wandb_init.py", line 1170, in init
    run = wi.init()
  File "/home/ubuntulsa/.local/lib/python3.10/site-packages/wandb/sdk/wandb_init.py", line 756, in init
    result = run_init_handle.wait(
  File "/home/ubuntulsa/.local/lib/python3.10/site-packages/wandb/sdk/lib/mailbox.py", line 303, in wait
    on_progress(progress_handle)
  File "/home/ubuntulsa/.local/lib/python3.10/site-packages/wandb/sdk/wandb_init.py", line 563, in _on_progress_init
    self.printer.progress_update(line, percent_done=percent_done)
  File "/home/ubuntulsa/.local/lib/python3.10/site-packages/wandb/sdk/lib/printer.py", line 287, in progress_update
    self._progress.update(percent_done, text)
  File "/home/ubuntulsa/.local/lib/python3.10/site-packages/wandb/sdk/lib/ipython.py", line 121, in update
    wandb.termwarn(
  File "/home/ubuntulsa/.local/lib/python3.10/site-packages/wandb/errors/term.py", line 50, in termwarn
    _log(
  File "/home/ubuntulsa/.local/lib/python3.10/site-packages/wandb/errors/term.py", line 95, in _log
    click.echo(line, file=sys.stderr, nl=newline)
  File "/home/ubuntulsa/.local/lib/python3.10/site-packages/click/utils.py", line 318, in echo
    file.write(out)  # type: ignore
  File "/home/ubuntulsa/.local/lib/python3.10/site-packages/ipykernel/iostream.py", line 648, in write
    self._schedule_flush()
  File "/home/ubuntulsa/.local/lib/python3.10/site-packages/ipykernel/iostream.py", line 545, in _schedule_flush
    self.pub_thread.schedule(_schedule_in_thread)
  File "/home/ubuntulsa/.local/lib/python3.10/site-packages/ipykernel/iostream.py", line 251, in schedule
    self._event_pipe.send(b"")
  File "/home/ubuntulsa/.local/lib/python3.10/site-packages/zmq/sugar/socket.py", line 696, in send
    return super().send(data, flags=flags, copy=copy, track=track)
  File "zmq/backend/cython/socket.pyx", line 742, in zmq.backend.cython.socket.Socket.send
  File "zmq/backend/cython/socket.pyx", line 783, in zmq.backend.cython.socket.Socket.send
  File "zmq/backend/cython/socket.pyx", line 138, in zmq.backend.cython.socket._check_closed
zmq.error.ZMQError: Socket operation on non-socket

During handling of the above exception, another exception occurred:

Traceback (most recent call last):
  File "/home/ubuntulsa/.local/lib/python3.10/site-packages/wandb/sdk/wandb_init.py", line 1178, in init
    getcaller()
  File "/home/ubuntulsa/.local/lib/python3.10/site-packages/wandb/sdk/wandb_init.py", line 853, in getcaller
    print("Problem at:", src, line, func)
  File "/home/ubuntulsa/.local/lib/python3.10/site-packages/ipykernel/iostream.py", line 648, in write
    self._schedule_flush()
  File "/home/ubuntulsa/.local/lib/python3.10/site-packages/ipykernel/iostream.py", line 545, in _schedule_flush
    self.pub_thread.schedule(_schedule_in_thread)
  File "/home/ubuntulsa/.local/lib/python3.10/site-packages/ipykernel/iostream.py", line 251, in schedule
    self._event_pipe.send(b"")
  File "/home/ubuntulsa/.local/lib/python3.10/site-packages/zmq/sugar/socket.py", line 696, in send
    return super().send(data, flags=flags, copy=copy, track=track)
  File "zmq/backend/cython/socket.pyx", line 742, in zmq.backend.cython.socket.Socket.send
  File "zmq/backend/cython/socket.pyx", line 783, in zmq.backend.cython.socket.Socket.send
  File "zmq/backend/cython/socket.pyx", line 138, in zmq.backend.cython.socket._check_closed
zmq.error.ZMQError: Socket operation on non-socket
2023-10-13 10:28:00,974 INFO    MainThread:8847 [pyagent.py:run():314] Starting sweep agent: entity=None, project=None, count=None
2023-10-13 10:28:08,234 WARNING MsgRouterThr:8847 [router.py:message_loop():77] message_loop has been closed
2023-10-13 10:28:10,366 INFO    Thread-52 (_run_job):8847 [wandb_setup.py:_flush():76] Current SDK version is 0.15.11
2023-10-13 10:28:10,366 INFO    Thread-52 (_run_job):8847 [wandb_setup.py:_flush():76] Configure stats pid to 8847
2023-10-13 10:28:10,367 INFO    Thread-52 (_run_job):8847 [wandb_setup.py:_flush():76] Loading settings from /home/ubuntulsa/.config/wandb/settings
2023-10-13 10:28:10,367 INFO    Thread-52 (_run_job):8847 [wandb_setup.py:_flush():76] Loading settings from /home/ubuntulsa/Sem5/SMAI/Assignment 3/wandb/settings
2023-10-13 10:28:10,367 INFO    Thread-52 (_run_job):8847 [wandb_setup.py:_flush():76] Loading settings from environment variables: {'project': 'Hyperparameter Tuning in MLP Regression.', 'entity': 'mourya', 'root_dir': '/home/ubuntulsa/Sem5/SMAI/Assignment 3', 'sweep_id': 'fgcp47ck', 'run_id': 'wi4paehf', 'sweep_param_path': '/home/ubuntulsa/Sem5/SMAI/Assignment 3/wandb/sweep-fgcp47ck/config-wi4paehf.yaml'}
2023-10-13 10:28:10,367 INFO    Thread-52 (_run_job):8847 [wandb_setup.py:_flush():76] Applying setup settings: {'_disable_service': False}
2023-10-13 10:28:10,367 INFO    Thread-52 (_run_job):8847 [wandb_setup.py:_flush():76] Inferring run settings from compute environment: {'program': '<python with no main file>'}
2023-10-13 10:28:10,367 INFO    Thread-52 (_run_job):8847 [wandb_init.py:_log_setup():528] Logging user logs to /home/ubuntulsa/Sem5/SMAI/Assignment 3/wandb/run-20231013_102810-wi4paehf/logs/debug.log
2023-10-13 10:28:10,367 INFO    Thread-52 (_run_job):8847 [wandb_init.py:_log_setup():529] Logging internal logs to /home/ubuntulsa/Sem5/SMAI/Assignment 3/wandb/run-20231013_102810-wi4paehf/logs/debug-internal.log
2023-10-13 10:28:10,368 INFO    Thread-52 (_run_job):8847 [wandb_init.py:init():568] calling init triggers
2023-10-13 10:28:10,368 INFO    Thread-52 (_run_job):8847 [wandb_init.py:init():575] wandb.init called with sweep_config: {'activation': 'sigmoid', 'epochs': 10, 'hiddenlayersize': [13], 'learning_rate': 0.001, 'optimizer': 'Batch'}
config: {}
2023-10-13 10:28:10,368 INFO    Thread-52 (_run_job):8847 [wandb_init.py:init():618] starting backend
2023-10-13 10:28:10,368 INFO    Thread-52 (_run_job):8847 [wandb_init.py:init():622] setting up manager
2023-10-13 10:28:10,376 INFO    Thread-52 (_run_job):8847 [backend.py:_multiprocessing_setup():105] multiprocessing start_methods=fork,spawn,forkserver, using: spawn
2023-10-13 10:28:10,376 INFO    Thread-52 (_run_job):8847 [wandb_init.py:init():628] backend started and connected
2023-10-13 10:28:10,389 INFO    Thread-52 (_run_job):8847 [wandb_run.py:_config_callback():1324] config_cb None None {'activation': 'sigmoid', 'epochs': 10, 'hiddenlayersize': [13], 'learning_rate': 0.001, 'optimizer': 'Batch'}
2023-10-13 10:28:10,390 INFO    Thread-52 (_run_job):8847 [wandb_run.py:_label_probe_notebook():1276] probe notebook
2023-10-13 10:28:10,390 INFO    Thread-52 (_run_job):8847 [wandb_init.py:init():720] updated telemetry
2023-10-13 10:28:10,394 INFO    Thread-52 (_run_job):8847 [wandb_init.py:init():753] communicating run to backend with 90.0 second timeout
2023-10-13 10:28:12,362 INFO    Thread-52 (_run_job):8847 [wandb_run.py:_on_init():2220] communicating current version
2023-10-13 10:28:12,654 INFO    Thread-52 (_run_job):8847 [wandb_run.py:_on_init():2229] got version response upgrade_message: "wandb version 0.15.12 is available!  To upgrade, please run:\n $ pip install wandb --upgrade"

2023-10-13 10:28:12,654 INFO    Thread-52 (_run_job):8847 [wandb_init.py:init():804] starting run threads in backend
2023-10-13 10:28:12,730 INFO    Thread-52 (_run_job):8847 [wandb_run.py:_console_start():2199] atexit reg
2023-10-13 10:28:12,730 INFO    Thread-52 (_run_job):8847 [wandb_run.py:_redirect():2054] redirect: wrap_raw
2023-10-13 10:28:12,731 INFO    Thread-52 (_run_job):8847 [wandb_run.py:_redirect():2119] Wrapping output streams.
2023-10-13 10:28:12,731 INFO    Thread-52 (_run_job):8847 [wandb_run.py:_redirect():2144] Redirects installed.
2023-10-13 10:28:12,732 INFO    Thread-52 (_run_job):8847 [wandb_init.py:init():845] run started, returning control to user process
2023-10-13 10:28:12,732 INFO    Thread-52 (_run_job):8847 [wandb_run.py:_finish():1934] finishing run mourya/Hyperparameter Tuning in MLP Regression./wi4paehf
2023-10-13 10:28:12,732 INFO    Thread-52 (_run_job):8847 [wandb_run.py:_atexit_cleanup():2168] got exitcode: 1
2023-10-13 10:28:12,733 INFO    Thread-52 (_run_job):8847 [wandb_run.py:_restore():2151] restore
2023-10-13 10:28:12,733 INFO    Thread-52 (_run_job):8847 [wandb_run.py:_restore():2157] restore done
2023-10-13 10:28:17,740 INFO    Thread-52 (_run_job):8847 [wandb_run.py:_footer_history_summary_info():3554] rendering history
2023-10-13 10:28:17,741 INFO    Thread-52 (_run_job):8847 [wandb_run.py:_footer_history_summary_info():3586] rendering summary
2023-10-13 10:28:17,746 INFO    Thread-52 (_run_job):8847 [wandb_run.py:_footer_sync_info():3513] logging synced files
2023-10-13 10:28:17,970 ERROR   MainThread:8847 [pyagent.py:_run_jobs_from_queue():226] Run wi4paehf errored: NameError("name 'y_train_array' is not defined")
2023-10-13 10:28:22,477 INFO    Thread-55 (_run_job):8847 [wandb_setup.py:_flush():76] Current SDK version is 0.15.11
2023-10-13 10:28:22,477 INFO    Thread-55 (_run_job):8847 [wandb_setup.py:_flush():76] Configure stats pid to 8847
2023-10-13 10:28:22,478 INFO    Thread-55 (_run_job):8847 [wandb_setup.py:_flush():76] Loading settings from /home/ubuntulsa/.config/wandb/settings
2023-10-13 10:28:22,478 INFO    Thread-55 (_run_job):8847 [wandb_setup.py:_flush():76] Loading settings from /home/ubuntulsa/Sem5/SMAI/Assignment 3/wandb/settings
2023-10-13 10:28:22,478 INFO    Thread-55 (_run_job):8847 [wandb_setup.py:_flush():76] Loading settings from environment variables: {'project': 'Hyperparameter Tuning in MLP Regression.', 'entity': 'mourya', 'root_dir': '/home/ubuntulsa/Sem5/SMAI/Assignment 3', 'run_id': 'zl030ods', 'sweep_param_path': '/home/ubuntulsa/Sem5/SMAI/Assignment 3/wandb/sweep-fgcp47ck/config-zl030ods.yaml', 'sweep_id': 'fgcp47ck'}
2023-10-13 10:28:22,478 INFO    Thread-55 (_run_job):8847 [wandb_setup.py:_flush():76] Applying setup settings: {'_disable_service': False}
2023-10-13 10:28:22,478 INFO    Thread-55 (_run_job):8847 [wandb_setup.py:_flush():76] Inferring run settings from compute environment: {'program': '<python with no main file>'}
2023-10-13 10:28:22,478 INFO    Thread-55 (_run_job):8847 [wandb_init.py:_log_setup():528] Logging user logs to /home/ubuntulsa/Sem5/SMAI/Assignment 3/wandb/run-20231013_102822-zl030ods/logs/debug.log
2023-10-13 10:28:22,478 INFO    Thread-55 (_run_job):8847 [wandb_init.py:_log_setup():529] Logging internal logs to /home/ubuntulsa/Sem5/SMAI/Assignment 3/wandb/run-20231013_102822-zl030ods/logs/debug-internal.log
2023-10-13 10:28:22,478 INFO    Thread-55 (_run_job):8847 [wandb_init.py:init():568] calling init triggers
2023-10-13 10:28:22,478 INFO    Thread-55 (_run_job):8847 [wandb_init.py:init():575] wandb.init called with sweep_config: {'activation': 'sigmoid', 'epochs': 10, 'hiddenlayersize': [13], 'learning_rate': 0.0001, 'optimizer': 'Batch'}
config: {}
2023-10-13 10:28:22,478 INFO    Thread-55 (_run_job):8847 [wandb_init.py:init():618] starting backend
2023-10-13 10:28:22,478 INFO    Thread-55 (_run_job):8847 [wandb_init.py:init():622] setting up manager
2023-10-13 10:28:22,483 INFO    Thread-55 (_run_job):8847 [backend.py:_multiprocessing_setup():105] multiprocessing start_methods=fork,spawn,forkserver, using: spawn
2023-10-13 10:28:22,507 INFO    Thread-55 (_run_job):8847 [wandb_init.py:init():628] backend started and connected
2023-10-13 10:28:22,519 INFO    Thread-55 (_run_job):8847 [wandb_run.py:_config_callback():1324] config_cb None None {'activation': 'sigmoid', 'epochs': 10, 'hiddenlayersize': [13], 'learning_rate': 0.0001, 'optimizer': 'Batch'}
2023-10-13 10:28:22,519 INFO    Thread-55 (_run_job):8847 [wandb_run.py:_label_probe_notebook():1276] probe notebook
2023-10-13 10:28:22,521 INFO    Thread-55 (_run_job):8847 [wandb_init.py:init():720] updated telemetry
2023-10-13 10:28:22,526 INFO    Thread-55 (_run_job):8847 [wandb_init.py:init():753] communicating run to backend with 90.0 second timeout
2023-10-13 10:28:23,832 INFO    Thread-55 (_run_job):8847 [wandb_run.py:_on_init():2220] communicating current version
2023-10-13 10:28:24,147 INFO    Thread-55 (_run_job):8847 [wandb_run.py:_on_init():2229] got version response upgrade_message: "wandb version 0.15.12 is available!  To upgrade, please run:\n $ pip install wandb --upgrade"

2023-10-13 10:28:24,147 INFO    Thread-55 (_run_job):8847 [wandb_init.py:init():804] starting run threads in backend
2023-10-13 10:28:24,219 INFO    Thread-55 (_run_job):8847 [wandb_run.py:_console_start():2199] atexit reg
2023-10-13 10:28:24,220 INFO    Thread-55 (_run_job):8847 [wandb_run.py:_redirect():2054] redirect: wrap_raw
2023-10-13 10:28:24,220 INFO    Thread-55 (_run_job):8847 [wandb_run.py:_redirect():2119] Wrapping output streams.
2023-10-13 10:28:24,220 INFO    Thread-55 (_run_job):8847 [wandb_run.py:_redirect():2144] Redirects installed.
2023-10-13 10:28:24,220 INFO    Thread-55 (_run_job):8847 [wandb_init.py:init():845] run started, returning control to user process
2023-10-13 10:28:24,221 INFO    Thread-55 (_run_job):8847 [wandb_run.py:_finish():1934] finishing run mourya/Hyperparameter Tuning in MLP Regression./zl030ods
2023-10-13 10:28:24,221 INFO    Thread-55 (_run_job):8847 [wandb_run.py:_atexit_cleanup():2168] got exitcode: 1
2023-10-13 10:28:24,221 INFO    Thread-55 (_run_job):8847 [wandb_run.py:_restore():2151] restore
2023-10-13 10:28:24,221 INFO    Thread-55 (_run_job):8847 [wandb_run.py:_restore():2157] restore done
